2017-04-25 19:22:37,954 INFO org.apache.hadoop.yarn.server.resourcemanager.ResourceManager: STARTUP_MSG: 
/************************************************************
STARTUP_MSG: Starting ResourceManager
STARTUP_MSG:   user = ubuntu
STARTUP_MSG:   host = ec2-54-201-40-245.us-west-2.compute.amazonaws.com/172.31.40.147
STARTUP_MSG:   args = []
STARTUP_MSG:   version = 2.8.0
STARTUP_MSG:   classpath = /home/ubuntu/hadoop/etc/hadoop:/home/ubuntu/hadoop/etc/hadoop:/home/ubuntu/hadoop/etc/hadoop:/home/ubuntu/hadoop/share/hadoop/common/lib/commons-net-3.1.jar:/home/ubuntu/hadoop/share/hadoop/common/lib/commons-beanutils-core-1.8.0.jar:/home/ubuntu/hadoop/share/hadoop/common/lib/servlet-api-2.5.jar:/home/ubuntu/hadoop/share/hadoop/common/lib/htrace-core4-4.0.1-incubating.jar:/home/ubuntu/hadoop/share/hadoop/common/lib/commons-configuration-1.6.jar:/home/ubuntu/hadoop/share/hadoop/common/lib/commons-compress-1.4.1.jar:/home/ubuntu/hadoop/share/hadoop/common/lib/jsch-0.1.51.jar:/home/ubuntu/hadoop/share/hadoop/common/lib/jersey-json-1.9.jar:/home/ubuntu/hadoop/share/hadoop/common/lib/jersey-core-1.9.jar:/home/ubuntu/hadoop/share/hadoop/common/lib/snappy-java-1.0.4.1.jar:/home/ubuntu/hadoop/share/hadoop/common/lib/commons-logging-1.1.3.jar:/home/ubuntu/hadoop/share/hadoop/common/lib/jcip-annotations-1.0.jar:/home/ubuntu/hadoop/share/hadoop/common/lib/avro-1.7.4.jar:/home/ubuntu/hadoop/share/hadoop/common/lib/httpcore-4.4.4.jar:/home/ubuntu/hadoop/share/hadoop/common/lib/jackson-jaxrs-1.9.13.jar:/home/ubuntu/hadoop/share/hadoop/common/lib/commons-math3-3.1.1.jar:/home/ubuntu/hadoop/share/hadoop/common/lib/hadoop-auth-2.8.0.jar:/home/ubuntu/hadoop/share/hadoop/common/lib/commons-lang-2.6.jar:/home/ubuntu/hadoop/share/hadoop/common/lib/java-xmlbuilder-0.4.jar:/home/ubuntu/hadoop/share/hadoop/common/lib/stax-api-1.0-2.jar:/home/ubuntu/hadoop/share/hadoop/common/lib/gson-2.2.4.jar:/home/ubuntu/hadoop/share/hadoop/common/lib/jets3t-0.9.0.jar:/home/ubuntu/hadoop/share/hadoop/common/lib/slf4j-log4j12-1.7.10.jar:/home/ubuntu/hadoop/share/hadoop/common/lib/curator-recipes-2.7.1.jar:/home/ubuntu/hadoop/share/hadoop/common/lib/hadoop-annotations-2.8.0.jar:/home/ubuntu/hadoop/share/hadoop/common/lib/protobuf-java-2.5.0.jar:/home/ubuntu/hadoop/share/hadoop/common/lib/jsp-api-2.1.jar:/home/ubuntu/hadoop/share/hadoop/common/lib/apacheds-kerberos-codec-2.0.0-M15.jar:/home/ubuntu/hadoop/share/hadoop/common/lib/xz-1.0.jar:/home/ubuntu/hadoop/share/hadoop/common/lib/commons-digester-1.8.jar:/home/ubuntu/hadoop/share/hadoop/common/lib/json-smart-1.1.1.jar:/home/ubuntu/hadoop/share/hadoop/common/lib/zookeeper-3.4.6.jar:/home/ubuntu/hadoop/share/hadoop/common/lib/api-util-1.0.0-M20.jar:/home/ubuntu/hadoop/share/hadoop/common/lib/jetty-6.1.26.jar:/home/ubuntu/hadoop/share/hadoop/common/lib/activation-1.1.jar:/home/ubuntu/hadoop/share/hadoop/common/lib/nimbus-jose-jwt-3.9.jar:/home/ubuntu/hadoop/share/hadoop/common/lib/httpclient-4.5.2.jar:/home/ubuntu/hadoop/share/hadoop/common/lib/jaxb-impl-2.2.3-1.jar:/home/ubuntu/hadoop/share/hadoop/common/lib/commons-codec-1.4.jar:/home/ubuntu/hadoop/share/hadoop/common/lib/jackson-mapper-asl-1.9.13.jar:/home/ubuntu/hadoop/share/hadoop/common/lib/jettison-1.1.jar:/home/ubuntu/hadoop/share/hadoop/common/lib/api-asn1-api-1.0.0-M20.jar:/home/ubuntu/hadoop/share/hadoop/common/lib/paranamer-2.3.jar:/home/ubuntu/hadoop/share/hadoop/common/lib/asm-3.2.jar:/home/ubuntu/hadoop/share/hadoop/common/lib/jetty-sslengine-6.1.26.jar:/home/ubuntu/hadoop/share/hadoop/common/lib/jetty-util-6.1.26.jar:/home/ubuntu/hadoop/share/hadoop/common/lib/jersey-server-1.9.jar:/home/ubuntu/hadoop/share/hadoop/common/lib/jackson-core-asl-1.9.13.jar:/home/ubuntu/hadoop/share/hadoop/common/lib/commons-cli-1.2.jar:/home/ubuntu/hadoop/share/hadoop/common/lib/commons-collections-3.2.2.jar:/home/ubuntu/hadoop/share/hadoop/common/lib/jaxb-api-2.2.2.jar:/home/ubuntu/hadoop/share/hadoop/common/lib/jsr305-3.0.0.jar:/home/ubuntu/hadoop/share/hadoop/common/lib/log4j-1.2.17.jar:/home/ubuntu/hadoop/share/hadoop/common/lib/commons-io-2.4.jar:/home/ubuntu/hadoop/share/hadoop/common/lib/hamcrest-core-1.3.jar:/home/ubuntu/hadoop/share/hadoop/common/lib/apacheds-i18n-2.0.0-M15.jar:/home/ubuntu/hadoop/share/hadoop/common/lib/netty-3.6.2.Final.jar:/home/ubuntu/hadoop/share/hadoop/common/lib/curator-framework-2.7.1.jar:/home/ubuntu/hadoop/share/hadoop/common/lib/curator-client-2.7.1.jar:/home/ubuntu/hadoop/share/hadoop/common/lib/junit-4.11.jar:/home/ubuntu/hadoop/share/hadoop/common/lib/mockito-all-1.8.5.jar:/home/ubuntu/hadoop/share/hadoop/common/lib/slf4j-api-1.7.10.jar:/home/ubuntu/hadoop/share/hadoop/common/lib/guava-11.0.2.jar:/home/ubuntu/hadoop/share/hadoop/common/lib/xmlenc-0.52.jar:/home/ubuntu/hadoop/share/hadoop/common/lib/commons-beanutils-1.7.0.jar:/home/ubuntu/hadoop/share/hadoop/common/lib/jackson-xc-1.9.13.jar:/home/ubuntu/hadoop/share/hadoop/common/hadoop-nfs-2.8.0.jar:/home/ubuntu/hadoop/share/hadoop/common/hadoop-common-2.8.0-tests.jar:/home/ubuntu/hadoop/share/hadoop/common/hadoop-common-2.8.0.jar:/home/ubuntu/hadoop/share/hadoop/hdfs:/home/ubuntu/hadoop/share/hadoop/hdfs/lib/servlet-api-2.5.jar:/home/ubuntu/hadoop/share/hadoop/hdfs/lib/commons-daemon-1.0.13.jar:/home/ubuntu/hadoop/share/hadoop/hdfs/lib/htrace-core4-4.0.1-incubating.jar:/home/ubuntu/hadoop/share/hadoop/hdfs/lib/jersey-core-1.9.jar:/home/ubuntu/hadoop/share/hadoop/hdfs/lib/commons-logging-1.1.3.jar:/home/ubuntu/hadoop/share/hadoop/hdfs/lib/leveldbjni-all-1.8.jar:/home/ubuntu/hadoop/share/hadoop/hdfs/lib/okio-1.4.0.jar:/home/ubuntu/hadoop/share/hadoop/hdfs/lib/commons-lang-2.6.jar:/home/ubuntu/hadoop/share/hadoop/hdfs/lib/hadoop-hdfs-client-2.8.0.jar:/home/ubuntu/hadoop/share/hadoop/hdfs/lib/xercesImpl-2.9.1.jar:/home/ubuntu/hadoop/share/hadoop/hdfs/lib/protobuf-java-2.5.0.jar:/home/ubuntu/hadoop/share/hadoop/hdfs/lib/jetty-6.1.26.jar:/home/ubuntu/hadoop/share/hadoop/hdfs/lib/commons-codec-1.4.jar:/home/ubuntu/hadoop/share/hadoop/hdfs/lib/jackson-mapper-asl-1.9.13.jar:/home/ubuntu/hadoop/share/hadoop/hdfs/lib/asm-3.2.jar:/home/ubuntu/hadoop/share/hadoop/hdfs/lib/jetty-util-6.1.26.jar:/home/ubuntu/hadoop/share/hadoop/hdfs/lib/jersey-server-1.9.jar:/home/ubuntu/hadoop/share/hadoop/hdfs/lib/jackson-core-asl-1.9.13.jar:/home/ubuntu/hadoop/share/hadoop/hdfs/lib/xml-apis-1.3.04.jar:/home/ubuntu/hadoop/share/hadoop/hdfs/lib/commons-cli-1.2.jar:/home/ubuntu/hadoop/share/hadoop/hdfs/lib/jsr305-3.0.0.jar:/home/ubuntu/hadoop/share/hadoop/hdfs/lib/okhttp-2.4.0.jar:/home/ubuntu/hadoop/share/hadoop/hdfs/lib/log4j-1.2.17.jar:/home/ubuntu/hadoop/share/hadoop/hdfs/lib/commons-io-2.4.jar:/home/ubuntu/hadoop/share/hadoop/hdfs/lib/netty-3.6.2.Final.jar:/home/ubuntu/hadoop/share/hadoop/hdfs/lib/netty-all-4.0.23.Final.jar:/home/ubuntu/hadoop/share/hadoop/hdfs/lib/guava-11.0.2.jar:/home/ubuntu/hadoop/share/hadoop/hdfs/lib/xmlenc-0.52.jar:/home/ubuntu/hadoop/share/hadoop/hdfs/hadoop-hdfs-native-client-2.8.0.jar:/home/ubuntu/hadoop/share/hadoop/hdfs/hadoop-hdfs-nfs-2.8.0.jar:/home/ubuntu/hadoop/share/hadoop/hdfs/hadoop-hdfs-client-2.8.0.jar:/home/ubuntu/hadoop/share/hadoop/hdfs/hadoop-hdfs-native-client-2.8.0-tests.jar:/home/ubuntu/hadoop/share/hadoop/hdfs/hadoop-hdfs-client-2.8.0-tests.jar:/home/ubuntu/hadoop/share/hadoop/hdfs/hadoop-hdfs-2.8.0-tests.jar:/home/ubuntu/hadoop/share/hadoop/hdfs/hadoop-hdfs-2.8.0.jar:/home/ubuntu/hadoop/share/hadoop/yarn/lib/servlet-api-2.5.jar:/home/ubuntu/hadoop/share/hadoop/yarn/lib/zookeeper-3.4.6-tests.jar:/home/ubuntu/hadoop/share/hadoop/yarn/lib/commons-compress-1.4.1.jar:/home/ubuntu/hadoop/share/hadoop/yarn/lib/jersey-json-1.9.jar:/home/ubuntu/hadoop/share/hadoop/yarn/lib/jersey-core-1.9.jar:/home/ubuntu/hadoop/share/hadoop/yarn/lib/objenesis-2.1.jar:/home/ubuntu/hadoop/share/hadoop/yarn/lib/javassist-3.18.1-GA.jar:/home/ubuntu/hadoop/share/hadoop/yarn/lib/commons-logging-1.1.3.jar:/home/ubuntu/hadoop/share/hadoop/yarn/lib/guice-servlet-3.0.jar:/home/ubuntu/hadoop/share/hadoop/yarn/lib/leveldbjni-all-1.8.jar:/home/ubuntu/hadoop/share/hadoop/yarn/lib/jackson-jaxrs-1.9.13.jar:/home/ubuntu/hadoop/share/hadoop/yarn/lib/commons-lang-2.6.jar:/home/ubuntu/hadoop/share/hadoop/yarn/lib/stax-api-1.0-2.jar:/home/ubuntu/hadoop/share/hadoop/yarn/lib/protobuf-java-2.5.0.jar:/home/ubuntu/hadoop/share/hadoop/yarn/lib/xz-1.0.jar:/home/ubuntu/hadoop/share/hadoop/yarn/lib/commons-math-2.2.jar:/home/ubuntu/hadoop/share/hadoop/yarn/lib/zookeeper-3.4.6.jar:/home/ubuntu/hadoop/share/hadoop/yarn/lib/jetty-6.1.26.jar:/home/ubuntu/hadoop/share/hadoop/yarn/lib/activation-1.1.jar:/home/ubuntu/hadoop/share/hadoop/yarn/lib/jaxb-impl-2.2.3-1.jar:/home/ubuntu/hadoop/share/hadoop/yarn/lib/commons-codec-1.4.jar:/home/ubuntu/hadoop/share/hadoop/yarn/lib/jackson-mapper-asl-1.9.13.jar:/home/ubuntu/hadoop/share/hadoop/yarn/lib/curator-test-2.7.1.jar:/home/ubuntu/hadoop/share/hadoop/yarn/lib/jettison-1.1.jar:/home/ubuntu/hadoop/share/hadoop/yarn/lib/asm-3.2.jar:/home/ubuntu/hadoop/share/hadoop/yarn/lib/jetty-util-6.1.26.jar:/home/ubuntu/hadoop/share/hadoop/yarn/lib/jersey-server-1.9.jar:/home/ubuntu/hadoop/share/hadoop/yarn/lib/jackson-core-asl-1.9.13.jar:/home/ubuntu/hadoop/share/hadoop/yarn/lib/commons-cli-1.2.jar:/home/ubuntu/hadoop/share/hadoop/yarn/lib/aopalliance-1.0.jar:/home/ubuntu/hadoop/share/hadoop/yarn/lib/commons-collections-3.2.2.jar:/home/ubuntu/hadoop/share/hadoop/yarn/lib/jersey-guice-1.9.jar:/home/ubuntu/hadoop/share/hadoop/yarn/lib/jaxb-api-2.2.2.jar:/home/ubuntu/hadoop/share/hadoop/yarn/lib/jersey-client-1.9.jar:/home/ubuntu/hadoop/share/hadoop/yarn/lib/jsr305-3.0.0.jar:/home/ubuntu/hadoop/share/hadoop/yarn/lib/fst-2.24.jar:/home/ubuntu/hadoop/share/hadoop/yarn/lib/log4j-1.2.17.jar:/home/ubuntu/hadoop/share/hadoop/yarn/lib/commons-io-2.4.jar:/home/ubuntu/hadoop/share/hadoop/yarn/lib/netty-3.6.2.Final.jar:/home/ubuntu/hadoop/share/hadoop/yarn/lib/javax.inject-1.jar:/home/ubuntu/hadoop/share/hadoop/yarn/lib/curator-client-2.7.1.jar:/home/ubuntu/hadoop/share/hadoop/yarn/lib/guava-11.0.2.jar:/home/ubuntu/hadoop/share/hadoop/yarn/lib/guice-3.0.jar:/home/ubuntu/hadoop/share/hadoop/yarn/lib/jackson-xc-1.9.13.jar:/home/ubuntu/hadoop/share/hadoop/yarn/hadoop-yarn-common-2.8.0.jar:/home/ubuntu/hadoop/share/hadoop/yarn/hadoop-yarn-api-2.8.0.jar:/home/ubuntu/hadoop/share/hadoop/yarn/hadoop-yarn-server-timeline-pluginstorage-2.8.0.jar:/home/ubuntu/hadoop/share/hadoop/yarn/hadoop-yarn-client-2.8.0.jar:/home/ubuntu/hadoop/share/hadoop/yarn/hadoop-yarn-registry-2.8.0.jar:/home/ubuntu/hadoop/share/hadoop/yarn/hadoop-yarn-server-sharedcachemanager-2.8.0.jar:/home/ubuntu/hadoop/share/hadoop/yarn/hadoop-yarn-applications-distributedshell-2.8.0.jar:/home/ubuntu/hadoop/share/hadoop/yarn/hadoop-yarn-server-web-proxy-2.8.0.jar:/home/ubuntu/hadoop/share/hadoop/yarn/hadoop-yarn-server-applicationhistoryservice-2.8.0.jar:/home/ubuntu/hadoop/share/hadoop/yarn/hadoop-yarn-applications-unmanaged-am-launcher-2.8.0.jar:/home/ubuntu/hadoop/share/hadoop/yarn/hadoop-yarn-server-common-2.8.0.jar:/home/ubuntu/hadoop/share/hadoop/yarn/hadoop-yarn-server-nodemanager-2.8.0.jar:/home/ubuntu/hadoop/share/hadoop/yarn/hadoop-yarn-server-tests-2.8.0.jar:/home/ubuntu/hadoop/share/hadoop/yarn/hadoop-yarn-server-resourcemanager-2.8.0.jar:/home/ubuntu/hadoop/share/hadoop/mapreduce/lib/commons-compress-1.4.1.jar:/home/ubuntu/hadoop/share/hadoop/mapreduce/lib/jersey-core-1.9.jar:/home/ubuntu/hadoop/share/hadoop/mapreduce/lib/snappy-java-1.0.4.1.jar:/home/ubuntu/hadoop/share/hadoop/mapreduce/lib/guice-servlet-3.0.jar:/home/ubuntu/hadoop/share/hadoop/mapreduce/lib/leveldbjni-all-1.8.jar:/home/ubuntu/hadoop/share/hadoop/mapreduce/lib/avro-1.7.4.jar:/home/ubuntu/hadoop/share/hadoop/mapreduce/lib/hadoop-annotations-2.8.0.jar:/home/ubuntu/hadoop/share/hadoop/mapreduce/lib/protobuf-java-2.5.0.jar:/home/ubuntu/hadoop/share/hadoop/mapreduce/lib/xz-1.0.jar:/home/ubuntu/hadoop/share/hadoop/mapreduce/lib/jackson-mapper-asl-1.9.13.jar:/home/ubuntu/hadoop/share/hadoop/mapreduce/lib/paranamer-2.3.jar:/home/ubuntu/hadoop/share/hadoop/mapreduce/lib/asm-3.2.jar:/home/ubuntu/hadoop/share/hadoop/mapreduce/lib/jersey-server-1.9.jar:/home/ubuntu/hadoop/share/hadoop/mapreduce/lib/jackson-core-asl-1.9.13.jar:/home/ubuntu/hadoop/share/hadoop/mapreduce/lib/aopalliance-1.0.jar:/home/ubuntu/hadoop/share/hadoop/mapreduce/lib/jersey-guice-1.9.jar:/home/ubuntu/hadoop/share/hadoop/mapreduce/lib/log4j-1.2.17.jar:/home/ubuntu/hadoop/share/hadoop/mapreduce/lib/commons-io-2.4.jar:/home/ubuntu/hadoop/share/hadoop/mapreduce/lib/hamcrest-core-1.3.jar:/home/ubuntu/hadoop/share/hadoop/mapreduce/lib/netty-3.6.2.Final.jar:/home/ubuntu/hadoop/share/hadoop/mapreduce/lib/javax.inject-1.jar:/home/ubuntu/hadoop/share/hadoop/mapreduce/lib/junit-4.11.jar:/home/ubuntu/hadoop/share/hadoop/mapreduce/lib/guice-3.0.jar:/home/ubuntu/hadoop/share/hadoop/mapreduce/hadoop-mapreduce-client-jobclient-2.8.0.jar:/home/ubuntu/hadoop/share/hadoop/mapreduce/hadoop-mapreduce-client-jobclient-2.8.0-tests.jar:/home/ubuntu/hadoop/share/hadoop/mapreduce/hadoop-mapreduce-examples-2.8.0.jar:/home/ubuntu/hadoop/share/hadoop/mapreduce/hadoop-mapreduce-client-core-2.8.0.jar:/home/ubuntu/hadoop/share/hadoop/mapreduce/hadoop-mapreduce-client-hs-2.8.0.jar:/home/ubuntu/hadoop/share/hadoop/mapreduce/hadoop-mapreduce-client-shuffle-2.8.0.jar:/home/ubuntu/hadoop/share/hadoop/mapreduce/hadoop-mapreduce-client-hs-plugins-2.8.0.jar:/home/ubuntu/hadoop/share/hadoop/mapreduce/hadoop-mapreduce-client-app-2.8.0.jar:/home/ubuntu/hadoop/share/hadoop/mapreduce/hadoop-mapreduce-client-common-2.8.0.jar:/contrib/capacity-scheduler/*.jar:/contrib/capacity-scheduler/*.jar:/contrib/capacity-scheduler/*.jar:/contrib/capacity-scheduler/*.jar:/home/ubuntu/hadoop/share/hadoop/yarn/hadoop-yarn-common-2.8.0.jar:/home/ubuntu/hadoop/share/hadoop/yarn/hadoop-yarn-api-2.8.0.jar:/home/ubuntu/hadoop/share/hadoop/yarn/hadoop-yarn-server-timeline-pluginstorage-2.8.0.jar:/home/ubuntu/hadoop/share/hadoop/yarn/hadoop-yarn-client-2.8.0.jar:/home/ubuntu/hadoop/share/hadoop/yarn/hadoop-yarn-registry-2.8.0.jar:/home/ubuntu/hadoop/share/hadoop/yarn/hadoop-yarn-server-sharedcachemanager-2.8.0.jar:/home/ubuntu/hadoop/share/hadoop/yarn/hadoop-yarn-applications-distributedshell-2.8.0.jar:/home/ubuntu/hadoop/share/hadoop/yarn/hadoop-yarn-server-web-proxy-2.8.0.jar:/home/ubuntu/hadoop/share/hadoop/yarn/hadoop-yarn-server-applicationhistoryservice-2.8.0.jar:/home/ubuntu/hadoop/share/hadoop/yarn/hadoop-yarn-applications-unmanaged-am-launcher-2.8.0.jar:/home/ubuntu/hadoop/share/hadoop/yarn/hadoop-yarn-server-common-2.8.0.jar:/home/ubuntu/hadoop/share/hadoop/yarn/hadoop-yarn-server-nodemanager-2.8.0.jar:/home/ubuntu/hadoop/share/hadoop/yarn/hadoop-yarn-server-tests-2.8.0.jar:/home/ubuntu/hadoop/share/hadoop/yarn/hadoop-yarn-server-resourcemanager-2.8.0.jar:/home/ubuntu/hadoop/share/hadoop/yarn/lib/servlet-api-2.5.jar:/home/ubuntu/hadoop/share/hadoop/yarn/lib/zookeeper-3.4.6-tests.jar:/home/ubuntu/hadoop/share/hadoop/yarn/lib/commons-compress-1.4.1.jar:/home/ubuntu/hadoop/share/hadoop/yarn/lib/jersey-json-1.9.jar:/home/ubuntu/hadoop/share/hadoop/yarn/lib/jersey-core-1.9.jar:/home/ubuntu/hadoop/share/hadoop/yarn/lib/objenesis-2.1.jar:/home/ubuntu/hadoop/share/hadoop/yarn/lib/javassist-3.18.1-GA.jar:/home/ubuntu/hadoop/share/hadoop/yarn/lib/commons-logging-1.1.3.jar:/home/ubuntu/hadoop/share/hadoop/yarn/lib/guice-servlet-3.0.jar:/home/ubuntu/hadoop/share/hadoop/yarn/lib/leveldbjni-all-1.8.jar:/home/ubuntu/hadoop/share/hadoop/yarn/lib/jackson-jaxrs-1.9.13.jar:/home/ubuntu/hadoop/share/hadoop/yarn/lib/commons-lang-2.6.jar:/home/ubuntu/hadoop/share/hadoop/yarn/lib/stax-api-1.0-2.jar:/home/ubuntu/hadoop/share/hadoop/yarn/lib/protobuf-java-2.5.0.jar:/home/ubuntu/hadoop/share/hadoop/yarn/lib/xz-1.0.jar:/home/ubuntu/hadoop/share/hadoop/yarn/lib/commons-math-2.2.jar:/home/ubuntu/hadoop/share/hadoop/yarn/lib/zookeeper-3.4.6.jar:/home/ubuntu/hadoop/share/hadoop/yarn/lib/jetty-6.1.26.jar:/home/ubuntu/hadoop/share/hadoop/yarn/lib/activation-1.1.jar:/home/ubuntu/hadoop/share/hadoop/yarn/lib/jaxb-impl-2.2.3-1.jar:/home/ubuntu/hadoop/share/hadoop/yarn/lib/commons-codec-1.4.jar:/home/ubuntu/hadoop/share/hadoop/yarn/lib/jackson-mapper-asl-1.9.13.jar:/home/ubuntu/hadoop/share/hadoop/yarn/lib/curator-test-2.7.1.jar:/home/ubuntu/hadoop/share/hadoop/yarn/lib/jettison-1.1.jar:/home/ubuntu/hadoop/share/hadoop/yarn/lib/asm-3.2.jar:/home/ubuntu/hadoop/share/hadoop/yarn/lib/jetty-util-6.1.26.jar:/home/ubuntu/hadoop/share/hadoop/yarn/lib/jersey-server-1.9.jar:/home/ubuntu/hadoop/share/hadoop/yarn/lib/jackson-core-asl-1.9.13.jar:/home/ubuntu/hadoop/share/hadoop/yarn/lib/commons-cli-1.2.jar:/home/ubuntu/hadoop/share/hadoop/yarn/lib/aopalliance-1.0.jar:/home/ubuntu/hadoop/share/hadoop/yarn/lib/commons-collections-3.2.2.jar:/home/ubuntu/hadoop/share/hadoop/yarn/lib/jersey-guice-1.9.jar:/home/ubuntu/hadoop/share/hadoop/yarn/lib/jaxb-api-2.2.2.jar:/home/ubuntu/hadoop/share/hadoop/yarn/lib/jersey-client-1.9.jar:/home/ubuntu/hadoop/share/hadoop/yarn/lib/jsr305-3.0.0.jar:/home/ubuntu/hadoop/share/hadoop/yarn/lib/fst-2.24.jar:/home/ubuntu/hadoop/share/hadoop/yarn/lib/log4j-1.2.17.jar:/home/ubuntu/hadoop/share/hadoop/yarn/lib/commons-io-2.4.jar:/home/ubuntu/hadoop/share/hadoop/yarn/lib/netty-3.6.2.Final.jar:/home/ubuntu/hadoop/share/hadoop/yarn/lib/javax.inject-1.jar:/home/ubuntu/hadoop/share/hadoop/yarn/lib/curator-client-2.7.1.jar:/home/ubuntu/hadoop/share/hadoop/yarn/lib/guava-11.0.2.jar:/home/ubuntu/hadoop/share/hadoop/yarn/lib/guice-3.0.jar:/home/ubuntu/hadoop/share/hadoop/yarn/lib/jackson-xc-1.9.13.jar:/home/ubuntu/hadoop/etc/hadoop/rm-config/log4j.properties
STARTUP_MSG:   build = https://git-wip-us.apache.org/repos/asf/hadoop.git -r 91f2b7a13d1e97be65db92ddabc627cc29ac0009; compiled by 'jdu' on 2017-03-17T04:12Z
STARTUP_MSG:   java = 1.8.0_121
************************************************************/
2017-04-25 19:22:37,971 INFO org.apache.hadoop.yarn.server.resourcemanager.ResourceManager: registered UNIX signal handlers for [TERM, HUP, INT]
2017-04-25 19:22:38,459 INFO org.apache.hadoop.conf.Configuration: found resource core-site.xml at file:/home/ubuntu/hadoop/etc/hadoop/core-site.xml
2017-04-25 19:22:38,632 INFO org.apache.hadoop.security.Groups: clearing userToGroupsMap cache
2017-04-25 19:22:38,756 INFO org.apache.hadoop.conf.Configuration: found resource yarn-site.xml at file:/home/ubuntu/hadoop/etc/hadoop/yarn-site.xml
2017-04-25 19:22:39,099 INFO org.apache.hadoop.yarn.event.AsyncDispatcher: Registering class org.apache.hadoop.yarn.server.resourcemanager.RMFatalEventType for class org.apache.hadoop.yarn.server.resourcemanager.ResourceManager$RMFatalEventDispatcher
2017-04-25 19:22:39,187 INFO org.apache.hadoop.yarn.server.resourcemanager.security.NMTokenSecretManagerInRM: NMTokenKeyRollingInterval: 86400000ms and NMTokenKeyActivationDelay: 900000ms
2017-04-25 19:22:39,196 INFO org.apache.hadoop.yarn.server.resourcemanager.security.RMContainerTokenSecretManager: ContainerTokenKeyRollingInterval: 86400000ms and ContainerTokenKeyActivationDelay: 900000ms
2017-04-25 19:22:39,204 INFO org.apache.hadoop.yarn.server.resourcemanager.security.AMRMTokenSecretManager: AMRMTokenKeyRollingInterval: 86400000ms and AMRMTokenKeyActivationDelay: 900000 ms
2017-04-25 19:22:39,260 INFO org.apache.hadoop.yarn.event.AsyncDispatcher: Registering class org.apache.hadoop.yarn.server.resourcemanager.recovery.RMStateStoreEventType for class org.apache.hadoop.yarn.server.resourcemanager.recovery.RMStateStore$ForwardingEventHandler
2017-04-25 19:22:39,265 INFO org.apache.hadoop.yarn.event.AsyncDispatcher: Registering class org.apache.hadoop.yarn.server.resourcemanager.NodesListManagerEventType for class org.apache.hadoop.yarn.server.resourcemanager.NodesListManager
2017-04-25 19:22:39,265 INFO org.apache.hadoop.yarn.server.resourcemanager.ResourceManager: Using Scheduler: org.apache.hadoop.yarn.server.resourcemanager.scheduler.capacity.CapacityScheduler
2017-04-25 19:22:39,315 INFO org.apache.hadoop.yarn.event.AsyncDispatcher: Registering class org.apache.hadoop.yarn.server.resourcemanager.scheduler.event.SchedulerEventType for class org.apache.hadoop.yarn.server.resourcemanager.ResourceManager$SchedulerEventDispatcher
2017-04-25 19:22:39,315 INFO org.apache.hadoop.yarn.event.AsyncDispatcher: Registering class org.apache.hadoop.yarn.server.resourcemanager.rmapp.RMAppEventType for class org.apache.hadoop.yarn.server.resourcemanager.ResourceManager$ApplicationEventDispatcher
2017-04-25 19:22:39,316 INFO org.apache.hadoop.yarn.event.AsyncDispatcher: Registering class org.apache.hadoop.yarn.server.resourcemanager.rmapp.attempt.RMAppAttemptEventType for class org.apache.hadoop.yarn.server.resourcemanager.ResourceManager$ApplicationAttemptEventDispatcher
2017-04-25 19:22:39,317 INFO org.apache.hadoop.yarn.event.AsyncDispatcher: Registering class org.apache.hadoop.yarn.server.resourcemanager.rmnode.RMNodeEventType for class org.apache.hadoop.yarn.server.resourcemanager.ResourceManager$NodeEventDispatcher
2017-04-25 19:22:39,387 INFO org.apache.hadoop.metrics2.impl.MetricsConfig: loaded properties from hadoop-metrics2.properties
2017-04-25 19:22:39,501 INFO org.apache.hadoop.metrics2.impl.MetricsSystemImpl: Scheduled Metric snapshot period at 10 second(s).
2017-04-25 19:22:39,501 INFO org.apache.hadoop.metrics2.impl.MetricsSystemImpl: ResourceManager metrics system started
2017-04-25 19:22:39,525 INFO org.apache.hadoop.yarn.event.AsyncDispatcher: Registering class org.apache.hadoop.yarn.server.resourcemanager.RMAppManagerEventType for class org.apache.hadoop.yarn.server.resourcemanager.RMAppManager
2017-04-25 19:22:39,540 INFO org.apache.hadoop.yarn.event.AsyncDispatcher: Registering class org.apache.hadoop.yarn.server.resourcemanager.amlauncher.AMLauncherEventType for class org.apache.hadoop.yarn.server.resourcemanager.amlauncher.ApplicationMasterLauncher
2017-04-25 19:22:39,547 INFO org.apache.hadoop.yarn.server.resourcemanager.RMNMInfo: Registered RMNMInfo MBean
2017-04-25 19:22:39,557 INFO org.apache.hadoop.yarn.security.YarnAuthorizationProvider: org.apache.hadoop.yarn.security.ConfiguredYarnAuthorizer is instiantiated.
2017-04-25 19:22:39,558 INFO org.apache.hadoop.util.HostsFileReader: Refreshing hosts (include/exclude) list
2017-04-25 19:22:39,574 INFO org.apache.hadoop.conf.Configuration: found resource capacity-scheduler.xml at file:/home/ubuntu/hadoop/etc/hadoop/capacity-scheduler.xml
2017-04-25 19:22:39,656 INFO org.apache.hadoop.yarn.server.resourcemanager.scheduler.capacity.CapacitySchedulerConfiguration: max alloc mb per queue for root is undefined
2017-04-25 19:22:39,656 INFO org.apache.hadoop.yarn.server.resourcemanager.scheduler.capacity.CapacitySchedulerConfiguration: max alloc vcore per queue for root is undefined
2017-04-25 19:22:39,675 INFO org.apache.hadoop.yarn.server.resourcemanager.scheduler.capacity.ParentQueue: root, capacity=1.0, asboluteCapacity=1.0, maxCapacity=1.0, asboluteMaxCapacity=1.0, state=RUNNING, acls=SUBMIT_APP:*ADMINISTER_QUEUE:*, labels=*,, offswitchPerHeartbeatLimit = 1, reservationsContinueLooking=true
2017-04-25 19:22:39,675 INFO org.apache.hadoop.yarn.server.resourcemanager.scheduler.capacity.ParentQueue: Initialized parent-queue root name=root, fullname=root
2017-04-25 19:22:39,698 INFO org.apache.hadoop.yarn.server.resourcemanager.scheduler.capacity.CapacitySchedulerConfiguration: max alloc mb per queue for root.default is undefined
2017-04-25 19:22:39,698 INFO org.apache.hadoop.yarn.server.resourcemanager.scheduler.capacity.CapacitySchedulerConfiguration: max alloc vcore per queue for root.default is undefined
2017-04-25 19:22:39,703 INFO org.apache.hadoop.yarn.server.resourcemanager.scheduler.capacity.LeafQueue: Initializing default
capacity = 1.0 [= (float) configuredCapacity / 100 ]
asboluteCapacity = 1.0 [= parentAbsoluteCapacity * capacity ]
maxCapacity = 1.0 [= configuredMaxCapacity ]
absoluteMaxCapacity = 1.0 [= 1.0 maximumCapacity undefined, (parentAbsoluteMaxCapacity * maximumCapacity) / 100 otherwise ]
userLimit = 100 [= configuredUserLimit ]
userLimitFactor = 1.0 [= configuredUserLimitFactor ]
maxApplications = 10000 [= configuredMaximumSystemApplicationsPerQueue or (int)(configuredMaximumSystemApplications * absoluteCapacity)]
maxApplicationsPerUser = 10000 [= (int)(maxApplications * (userLimit / 100.0f) * userLimitFactor) ]
usedCapacity = 0.0 [= usedResourcesMemory / (clusterResourceMemory * absoluteCapacity)]
absoluteUsedCapacity = 0.0 [= usedResourcesMemory / clusterResourceMemory]
maxAMResourcePerQueuePercent = 0.1 [= configuredMaximumAMResourcePercent ]
minimumAllocationFactor = 0.875 [= (float)(maximumAllocationMemory - minimumAllocationMemory) / maximumAllocationMemory ]
maximumAllocation = <memory:8192, vCores:4> [= configuredMaxAllocation ]
numContainers = 0 [= currentNumContainers ]
state = RUNNING [= configuredState ]
acls = SUBMIT_APP:*ADMINISTER_QUEUE:* [= configuredAcls ]
nodeLocalityDelay = 40
labels=*,
reservationsContinueLooking = true
preemptionDisabled = true
defaultAppPriorityPerQueue = 0
2017-04-25 19:22:39,704 INFO org.apache.hadoop.yarn.server.resourcemanager.scheduler.capacity.CapacityScheduler: Initialized queue: default: capacity=1.0, absoluteCapacity=1.0, usedResources=<memory:0, vCores:0>, usedCapacity=0.0, absoluteUsedCapacity=0.0, numApps=0, numContainers=0
2017-04-25 19:22:39,704 INFO org.apache.hadoop.yarn.server.resourcemanager.scheduler.capacity.CapacityScheduler: Initialized queue: root: numChildQueue= 1, capacity=1.0, absoluteCapacity=1.0, usedResources=<memory:0, vCores:0>usedCapacity=0.0, numApps=0, numContainers=0
2017-04-25 19:22:39,704 INFO org.apache.hadoop.yarn.server.resourcemanager.scheduler.capacity.CapacityScheduler: Initialized root queue root: numChildQueue= 1, capacity=1.0, absoluteCapacity=1.0, usedResources=<memory:0, vCores:0>usedCapacity=0.0, numApps=0, numContainers=0
2017-04-25 19:22:39,711 INFO org.apache.hadoop.yarn.server.resourcemanager.scheduler.capacity.CapacityScheduler: Initialized queue mappings, override: false
2017-04-25 19:22:39,712 INFO org.apache.hadoop.yarn.server.resourcemanager.scheduler.capacity.CapacityScheduler: Initialized CapacityScheduler with calculator=class org.apache.hadoop.yarn.util.resource.DefaultResourceCalculator, minimumAllocation=<<memory:1024, vCores:1>>, maximumAllocation=<<memory:8192, vCores:4>>, asynchronousScheduling=false, asyncScheduleInterval=5ms
2017-04-25 19:22:39,715 INFO org.apache.hadoop.conf.Configuration: dynamic-resources.xml not found
2017-04-25 19:22:39,736 INFO org.apache.hadoop.yarn.server.resourcemanager.metrics.SystemMetricsPublisher: YARN system metrics publishing service is not enabled
2017-04-25 19:22:39,736 INFO org.apache.hadoop.yarn.server.resourcemanager.ResourceManager: Transitioning to active state
2017-04-25 19:22:39,766 INFO org.apache.hadoop.util.JvmPauseMonitor: Starting JVM pause monitor
2017-04-25 19:22:39,777 INFO org.apache.hadoop.yarn.server.resourcemanager.recovery.RMStateStore: Updating AMRMToken
2017-04-25 19:22:39,777 INFO org.apache.hadoop.yarn.server.resourcemanager.security.RMContainerTokenSecretManager: Rolling master-key for container-tokens
2017-04-25 19:22:39,777 INFO org.apache.hadoop.yarn.server.resourcemanager.security.NMTokenSecretManagerInRM: Rolling master-key for nm-tokens
2017-04-25 19:22:39,778 INFO org.apache.hadoop.security.token.delegation.AbstractDelegationTokenSecretManager: Updating the current master key for generating delegation tokens
2017-04-25 19:22:39,778 INFO org.apache.hadoop.yarn.server.resourcemanager.security.RMDelegationTokenSecretManager: storing master key with keyID 1
2017-04-25 19:22:39,779 INFO org.apache.hadoop.yarn.server.resourcemanager.recovery.RMStateStore: Storing RMDTMasterKey.
2017-04-25 19:22:39,785 INFO org.apache.hadoop.security.token.delegation.AbstractDelegationTokenSecretManager: Starting expired delegation token remover thread, tokenRemoverScanInterval=60 min(s)
2017-04-25 19:22:39,785 INFO org.apache.hadoop.security.token.delegation.AbstractDelegationTokenSecretManager: Updating the current master key for generating delegation tokens
2017-04-25 19:22:39,785 INFO org.apache.hadoop.yarn.server.resourcemanager.security.RMDelegationTokenSecretManager: storing master key with keyID 2
2017-04-25 19:22:39,785 INFO org.apache.hadoop.yarn.server.resourcemanager.recovery.RMStateStore: Storing RMDTMasterKey.
2017-04-25 19:22:39,792 INFO org.apache.hadoop.yarn.event.AsyncDispatcher: Registering class org.apache.hadoop.yarn.nodelabels.event.NodeLabelsStoreEventType for class org.apache.hadoop.yarn.nodelabels.CommonNodeLabelsManager$ForwardingEventHandler
2017-04-25 19:22:39,830 INFO org.apache.hadoop.ipc.CallQueueManager: Using callQueue: class java.util.concurrent.LinkedBlockingQueue queueCapacity: 5000 scheduler: class org.apache.hadoop.ipc.DefaultRpcScheduler
2017-04-25 19:22:39,845 INFO org.apache.hadoop.ipc.Server: Starting Socket Reader #1 for port 8031
2017-04-25 19:22:40,087 INFO org.apache.hadoop.yarn.factories.impl.pb.RpcServerFactoryPBImpl: Adding protocol org.apache.hadoop.yarn.server.api.ResourceTrackerPB to the server
2017-04-25 19:22:40,088 INFO org.apache.hadoop.ipc.Server: IPC Server Responder: starting
2017-04-25 19:22:40,088 INFO org.apache.hadoop.ipc.Server: IPC Server listener on 8031: starting
2017-04-25 19:22:40,131 INFO org.apache.hadoop.ipc.CallQueueManager: Using callQueue: class java.util.concurrent.LinkedBlockingQueue queueCapacity: 5000 scheduler: class org.apache.hadoop.ipc.DefaultRpcScheduler
2017-04-25 19:22:40,136 INFO org.apache.hadoop.ipc.Server: Starting Socket Reader #1 for port 8030
2017-04-25 19:22:40,158 INFO org.apache.hadoop.yarn.factories.impl.pb.RpcServerFactoryPBImpl: Adding protocol org.apache.hadoop.yarn.api.ApplicationMasterProtocolPB to the server
2017-04-25 19:22:40,163 INFO org.apache.hadoop.ipc.Server: IPC Server Responder: starting
2017-04-25 19:22:40,163 INFO org.apache.hadoop.ipc.Server: IPC Server listener on 8030: starting
2017-04-25 19:22:40,282 INFO org.apache.hadoop.ipc.CallQueueManager: Using callQueue: class java.util.concurrent.LinkedBlockingQueue queueCapacity: 5000 scheduler: class org.apache.hadoop.ipc.DefaultRpcScheduler
2017-04-25 19:22:40,284 INFO org.apache.hadoop.ipc.Server: Starting Socket Reader #1 for port 8032
2017-04-25 19:22:40,291 INFO org.apache.hadoop.yarn.factories.impl.pb.RpcServerFactoryPBImpl: Adding protocol org.apache.hadoop.yarn.api.ApplicationClientProtocolPB to the server
2017-04-25 19:22:40,300 INFO org.apache.hadoop.ipc.Server: IPC Server Responder: starting
2017-04-25 19:22:40,300 INFO org.apache.hadoop.ipc.Server: IPC Server listener on 8032: starting
2017-04-25 19:22:40,356 INFO org.apache.hadoop.yarn.server.resourcemanager.ResourceManager: Transitioned to active state
2017-04-25 19:22:40,468 INFO org.mortbay.log: Logging to org.slf4j.impl.Log4jLoggerAdapter(org.mortbay.log) via org.mortbay.log.Slf4jLog
2017-04-25 19:22:40,482 INFO org.apache.hadoop.security.authentication.server.AuthenticationFilter: Unable to initialize FileSignerSecretProvider, falling back to use random secrets.
2017-04-25 19:22:40,487 INFO org.apache.hadoop.http.HttpRequestLog: Http request log for http.requests.resourcemanager is not defined
2017-04-25 19:22:40,495 INFO org.apache.hadoop.http.HttpServer2: Added global filter 'safety' (class=org.apache.hadoop.http.HttpServer2$QuotingInputFilter)
2017-04-25 19:22:40,505 INFO org.apache.hadoop.http.HttpServer2: Added filter RMAuthenticationFilter (class=org.apache.hadoop.yarn.server.security.http.RMAuthenticationFilter) to context cluster
2017-04-25 19:22:40,505 INFO org.apache.hadoop.http.HttpServer2: Added filter RMAuthenticationFilter (class=org.apache.hadoop.yarn.server.security.http.RMAuthenticationFilter) to context logs
2017-04-25 19:22:40,505 INFO org.apache.hadoop.http.HttpServer2: Added filter RMAuthenticationFilter (class=org.apache.hadoop.yarn.server.security.http.RMAuthenticationFilter) to context static
2017-04-25 19:22:40,506 INFO org.apache.hadoop.http.HttpServer2: Added filter static_user_filter (class=org.apache.hadoop.http.lib.StaticUserWebFilter$StaticUserFilter) to context cluster
2017-04-25 19:22:40,506 INFO org.apache.hadoop.http.HttpServer2: Added filter static_user_filter (class=org.apache.hadoop.http.lib.StaticUserWebFilter$StaticUserFilter) to context logs
2017-04-25 19:22:40,506 INFO org.apache.hadoop.http.HttpServer2: Added filter static_user_filter (class=org.apache.hadoop.http.lib.StaticUserWebFilter$StaticUserFilter) to context static
2017-04-25 19:22:40,510 INFO org.apache.hadoop.http.HttpServer2: adding path spec: /cluster/*
2017-04-25 19:22:40,510 INFO org.apache.hadoop.http.HttpServer2: adding path spec: /ws/*
2017-04-25 19:22:41,018 INFO org.apache.hadoop.yarn.webapp.WebApps: Registered webapp guice modules
2017-04-25 19:22:41,024 INFO org.apache.hadoop.http.HttpServer2: Jetty bound to port 8088
2017-04-25 19:22:41,024 INFO org.mortbay.log: jetty-6.1.26
2017-04-25 19:22:41,060 INFO org.mortbay.log: Extract jar:file:/home/ubuntu/hadoop/share/hadoop/yarn/hadoop-yarn-common-2.8.0.jar!/webapps/cluster to /tmp/Jetty_0_0_0_0_8088_cluster____u0rgz3/webapp
2017-04-25 19:22:41,333 INFO org.apache.hadoop.security.token.delegation.AbstractDelegationTokenSecretManager: Updating the current master key for generating delegation tokens
2017-04-25 19:22:41,337 INFO org.apache.hadoop.security.token.delegation.AbstractDelegationTokenSecretManager: Starting expired delegation token remover thread, tokenRemoverScanInterval=60 min(s)
2017-04-25 19:22:41,337 INFO org.apache.hadoop.security.token.delegation.AbstractDelegationTokenSecretManager: Updating the current master key for generating delegation tokens
2017-04-25 19:22:42,941 INFO org.mortbay.log: Started HttpServer2$SelectChannelConnectorWithSafeStartup@0.0.0.0:8088
2017-04-25 19:22:42,941 INFO org.apache.hadoop.yarn.webapp.WebApps: Web app cluster started at 8088
2017-04-25 19:22:43,006 INFO org.apache.hadoop.ipc.CallQueueManager: Using callQueue: class java.util.concurrent.LinkedBlockingQueue queueCapacity: 100 scheduler: class org.apache.hadoop.ipc.DefaultRpcScheduler
2017-04-25 19:22:43,011 INFO org.apache.hadoop.ipc.Server: Starting Socket Reader #1 for port 8033
2017-04-25 19:22:43,017 INFO org.apache.hadoop.yarn.factories.impl.pb.RpcServerFactoryPBImpl: Adding protocol org.apache.hadoop.yarn.server.api.ResourceManagerAdministrationProtocolPB to the server
2017-04-25 19:22:43,022 INFO org.apache.hadoop.ipc.Server: IPC Server Responder: starting
2017-04-25 19:22:43,022 INFO org.apache.hadoop.ipc.Server: IPC Server listener on 8033: starting
2017-04-25 19:32:39,574 INFO org.apache.hadoop.yarn.server.resourcemanager.scheduler.AbstractYarnScheduler: Release request cache is cleaned up
2017-04-25 21:31:52,279 ERROR org.apache.hadoop.yarn.server.resourcemanager.ResourceManager: RECEIVED SIGNAL 15: SIGTERM
2017-04-25 21:31:52,316 ERROR org.apache.hadoop.security.token.delegation.AbstractDelegationTokenSecretManager: ExpiredTokenRemover received java.lang.InterruptedException: sleep interrupted
2017-04-25 21:31:52,325 INFO org.mortbay.log: Stopped HttpServer2$SelectChannelConnectorWithSafeStartup@0.0.0.0:8088
2017-04-25 21:31:52,332 INFO org.apache.hadoop.ipc.Server: Stopping server on 8032
2017-04-25 21:31:52,341 INFO org.apache.hadoop.ipc.Server: Stopping IPC Server listener on 8032
2017-04-25 21:31:52,347 INFO org.apache.hadoop.ipc.Server: Stopping IPC Server Responder
2017-04-25 21:31:52,347 INFO org.apache.hadoop.ipc.Server: Stopping server on 8033
2017-04-25 21:31:52,349 INFO org.apache.hadoop.ipc.Server: Stopping IPC Server listener on 8033
2017-04-25 21:31:52,349 INFO org.apache.hadoop.yarn.server.resourcemanager.ResourceManager: Transitioning to standby state
2017-04-25 21:31:52,350 WARN org.apache.hadoop.yarn.server.resourcemanager.amlauncher.ApplicationMasterLauncher: org.apache.hadoop.yarn.server.resourcemanager.amlauncher.ApplicationMasterLauncher$LauncherThread interrupted. Returning.
2017-04-25 21:31:52,350 INFO org.apache.hadoop.ipc.Server: Stopping server on 8030
2017-04-25 21:31:52,373 INFO org.apache.hadoop.ipc.Server: Stopping server on 8031
2017-04-25 21:31:52,373 INFO org.apache.hadoop.ipc.Server: Stopping IPC Server Responder
2017-04-25 21:31:52,376 INFO org.apache.hadoop.ipc.Server: Stopping IPC Server listener on 8030
2017-04-25 21:31:52,377 INFO org.apache.hadoop.ipc.Server: Stopping IPC Server Responder
2017-04-25 21:31:52,378 INFO org.apache.hadoop.ipc.Server: Stopping IPC Server Responder
2017-04-25 21:31:52,378 INFO org.apache.hadoop.ipc.Server: Stopping IPC Server listener on 8031
2017-04-25 21:31:52,378 INFO org.apache.hadoop.yarn.util.AbstractLivelinessMonitor: NMLivelinessMonitor thread interrupted
2017-04-25 21:31:52,378 ERROR org.apache.hadoop.yarn.server.resourcemanager.ResourceManager: Returning, interrupted : java.lang.InterruptedException
2017-04-25 21:31:52,378 INFO org.apache.hadoop.yarn.event.AsyncDispatcher: AsyncDispatcher is draining to stop, igonring any new events.
2017-04-25 21:31:52,379 INFO org.apache.hadoop.yarn.util.AbstractLivelinessMonitor: AMLivelinessMonitor thread interrupted
2017-04-25 21:31:52,380 INFO org.apache.hadoop.yarn.util.AbstractLivelinessMonitor: AMLivelinessMonitor thread interrupted
2017-04-25 21:31:52,380 INFO org.apache.hadoop.yarn.util.AbstractLivelinessMonitor: org.apache.hadoop.yarn.server.resourcemanager.rmcontainer.ContainerAllocationExpirer thread interrupted
2017-04-25 21:31:52,380 ERROR org.apache.hadoop.security.token.delegation.AbstractDelegationTokenSecretManager: ExpiredTokenRemover received java.lang.InterruptedException: sleep interrupted
2017-04-25 21:31:52,380 INFO org.apache.hadoop.metrics2.impl.MetricsSystemImpl: Stopping ResourceManager metrics system...
2017-04-25 21:31:52,383 INFO org.apache.hadoop.metrics2.impl.MetricsSystemImpl: ResourceManager metrics system stopped.
2017-04-25 21:31:52,383 INFO org.apache.hadoop.metrics2.impl.MetricsSystemImpl: ResourceManager metrics system shutdown complete.
2017-04-25 21:31:52,383 INFO org.apache.hadoop.yarn.event.AsyncDispatcher: AsyncDispatcher is draining to stop, igonring any new events.
2017-04-25 21:31:52,385 INFO org.apache.hadoop.yarn.server.resourcemanager.ResourceManager: Transitioned to standby state
2017-04-25 21:31:52,388 INFO org.apache.hadoop.yarn.server.resourcemanager.ResourceManager: SHUTDOWN_MSG: 
/************************************************************
SHUTDOWN_MSG: Shutting down ResourceManager at ec2-54-201-40-245.us-west-2.compute.amazonaws.com/172.31.40.147
************************************************************/
